{"level":"info","message":"Starting data preprocessing...","timestamp":"2024-11-10T15:55:52.034Z"}
{"level":"info","message":"Raw data loaded successfully.","timestamp":"2024-11-10T15:55:52.107Z"}
{"level":"info","message":"Processing Clusters...","timestamp":"2024-11-10T15:55:52.228Z"}
{"level":"info","message":"Clusters processed: 2 clusters found.","timestamp":"2024-11-10T15:55:52.230Z"}
{"level":"info","message":"Processing Time Series Data for all commodities...","timestamp":"2024-11-10T15:55:52.230Z"}
{"level":"info","message":"Processing commodity: beans (kidney red)","timestamp":"2024-11-10T15:55:52.230Z"}
{"level":"info","message":"Processing commodity: beans (white)","timestamp":"2024-11-10T15:55:52.241Z"}
{"level":"info","message":"Processing commodity: eggs","timestamp":"2024-11-10T15:55:52.252Z"}
{"level":"info","message":"Processing commodity: exchange rate (unofficial)","timestamp":"2024-11-10T15:55:52.258Z"}
{"level":"info","message":"Processing commodity: fuel (diesel)","timestamp":"2024-11-10T15:55:52.263Z"}
{"level":"info","message":"Processing commodity: fuel (gas)","timestamp":"2024-11-10T15:55:52.268Z"}
{"level":"info","message":"Processing commodity: fuel (petrol-gasoline)","timestamp":"2024-11-10T15:55:52.273Z"}
{"level":"info","message":"Processing commodity: lentils","timestamp":"2024-11-10T15:55:52.278Z"}
{"level":"info","message":"Missing data for lentils in region al_dhalee for month 2022-01","timestamp":"2024-11-10T15:55:52.283Z"}
{"level":"info","message":"Processing commodity: milling cost (wheat)","timestamp":"2024-11-10T15:55:52.283Z"}
{"level":"info","message":"Missing data for milling cost (wheat) in region aden for month 2022-01","timestamp":"2024-11-10T15:55:52.287Z"}
{"level":"info","message":"Processing commodity: oil (vegetable)","timestamp":"2024-11-10T15:55:52.288Z"}
{"level":"info","message":"Processing commodity: onions","timestamp":"2024-11-10T15:55:52.292Z"}
{"level":"info","message":"Processing commodity: potatoes","timestamp":"2024-11-10T15:55:52.297Z"}
{"level":"info","message":"Processing commodity: rice (imported)","timestamp":"2024-11-10T15:55:52.301Z"}
{"level":"info","message":"Processing commodity: salt","timestamp":"2024-11-10T15:55:52.306Z"}
{"level":"info","message":"Processing commodity: sugar","timestamp":"2024-11-10T15:55:52.310Z"}
{"level":"info","message":"Processing commodity: tomatoes","timestamp":"2024-11-10T15:55:52.316Z"}
{"level":"info","message":"Processing commodity: wheat","timestamp":"2024-11-10T15:55:52.320Z"}
{"level":"info","message":"Missing data for wheat in region socotra for month 2021-08","timestamp":"2024-11-10T15:55:52.324Z"}
{"level":"info","message":"Missing data for wheat in region socotra for month 2022-01","timestamp":"2024-11-10T15:55:52.324Z"}
{"level":"info","message":"Processing commodity: wheat flour","timestamp":"2024-11-10T15:55:52.324Z"}
{"level":"info","message":"Time Series Data processed and analyzed for all commodities.","timestamp":"2024-11-10T15:55:52.329Z"}
{"level":"info","message":"Detecting Shocks for all commodities...","timestamp":"2024-11-10T15:55:52.329Z"}
{"level":"info","message":"Detecting shocks for commodity: beans (kidney red)","timestamp":"2024-11-10T15:55:52.329Z"}
{"level":"info","message":"Detecting shocks for commodity: beans (white)","timestamp":"2024-11-10T15:55:52.329Z"}
{"level":"info","message":"Detecting shocks for commodity: eggs","timestamp":"2024-11-10T15:55:52.330Z"}
{"level":"info","message":"Detecting shocks for commodity: exchange rate (unofficial)","timestamp":"2024-11-10T15:55:52.330Z"}
{"level":"info","message":"Detecting shocks for commodity: fuel (diesel)","timestamp":"2024-11-10T15:55:52.330Z"}
{"level":"info","message":"Detecting shocks for commodity: fuel (gas)","timestamp":"2024-11-10T15:55:52.330Z"}
{"level":"info","message":"Detecting shocks for commodity: fuel (petrol-gasoline)","timestamp":"2024-11-10T15:55:52.330Z"}
{"level":"info","message":"Detecting shocks for commodity: lentils","timestamp":"2024-11-10T15:55:52.330Z"}
{"level":"info","message":"Detecting shocks for commodity: milling cost (wheat)","timestamp":"2024-11-10T15:55:52.330Z"}
{"level":"info","message":"Detecting shocks for commodity: oil (vegetable)","timestamp":"2024-11-10T15:55:52.330Z"}
{"level":"info","message":"Detecting shocks for commodity: onions","timestamp":"2024-11-10T15:55:52.330Z"}
{"level":"info","message":"Detecting shocks for commodity: potatoes","timestamp":"2024-11-10T15:55:52.330Z"}
{"level":"info","message":"Detecting shocks for commodity: rice (imported)","timestamp":"2024-11-10T15:55:52.330Z"}
{"level":"info","message":"Detecting shocks for commodity: salt","timestamp":"2024-11-10T15:55:52.330Z"}
{"level":"info","message":"Detecting shocks for commodity: sugar","timestamp":"2024-11-10T15:55:52.330Z"}
{"level":"info","message":"Detecting shocks for commodity: tomatoes","timestamp":"2024-11-10T15:55:52.330Z"}
{"level":"info","message":"Detecting shocks for commodity: wheat","timestamp":"2024-11-10T15:55:52.330Z"}
{"level":"info","message":"Detecting shocks for commodity: wheat flour","timestamp":"2024-11-10T15:55:52.330Z"}
{"level":"info","message":"Shocks detected for all commodities.","timestamp":"2024-11-10T15:55:52.330Z"}
{"level":"info","message":"Analyzing Regional Market Performance...","timestamp":"2024-11-10T15:55:52.330Z"}
{"level":"info","message":"Generating Policy Implications...","timestamp":"2024-11-10T15:55:52.331Z"}
{"level":"info","message":"Saving Processed Data...","timestamp":"2024-11-10T15:55:52.331Z"}
{"level":"info","message":"Processed Data Saved Successfully.","timestamp":"2024-11-10T15:55:52.353Z"}
