2024-10-03 11:17:03,850 - INFO - Starting ECM analysis workflow at 2024-10-03 11:17:03
2024-10-03 11:17:03,851 - INFO - Loading data at 2024-10-03 11:17:03
2024-10-03 11:17:03,851 - DEBUG - Loading data from /Users/mohammmadalakkaoui/Documents/GitHub/Yemen_Market_Analysis/project/data/processed/unified_data.geojson
2024-10-03 11:17:04,509 - INFO - Dropped 0 duplicate or NaN rows based on 'date'.
2024-10-03 11:17:04,510 - INFO - Excluded records from 'Amanat Al Asimah'.
2024-10-03 11:17:04,512 - INFO - Filtered data for specified commodities. Number of records: 18612
2024-10-03 11:17:04,513 - DEBUG - Data filtered for exchange rate regimes: ['north', 'south', 'unified']
2024-10-03 11:17:04,518 - DEBUG - No dummy variables created for exchange_rate_regime.
2024-10-03 11:17:04,520 - DEBUG - Data grouped into 18 groups.
2024-10-03 11:17:04,521 - INFO - Data loaded with 18 groups, took 0.67 seconds at 2024-10-03 11:17:04
2024-10-03 11:17:04,521 - INFO - Running stationarity tests for beans (kidney red)_unified at 2024-10-03 11:17:04
2024-10-03 11:17:04,521 - DEBUG - Running stationarity tests for usdprice
2024-10-03 11:17:04,522 - DEBUG - Applied log transformations.
2024-10-03 11:17:04,522 - DEBUG - Testing transformation: original
2024-10-03 11:17:04,588 - DEBUG - ADF p=0.015240769107935044, KPSS p=0.1 for original
2024-10-03 11:17:04,588 - DEBUG - Selected transformation: original
2024-10-03 11:17:04,588 - DEBUG - Running stationarity tests for conflict_intensity
2024-10-03 11:17:04,588 - DEBUG - Testing transformation: original
2024-10-03 11:17:04,650 - DEBUG - ADF p=0.016797704833573793, KPSS p=0.0724572356040732 for original
2024-10-03 11:17:04,650 - DEBUG - Selected transformation: original
2024-10-03 11:17:04,651 - INFO - Stationarity tests for beans (kidney red)_unified completed in 0.13 seconds at 2024-10-03 11:17:04
2024-10-03 11:17:04,651 - DEBUG - Running cointegration tests
2024-10-03 11:17:04,660 - DEBUG - Engle-Granger p=0.0001609890460452901, cointegrated=True
2024-10-03 11:17:04,660 - INFO - Running stationarity tests for beans (white)_unified at 2024-10-03 11:17:04
2024-10-03 11:17:04,660 - DEBUG - Running stationarity tests for usdprice
2024-10-03 11:17:04,661 - DEBUG - Applied log transformations.
2024-10-03 11:17:04,661 - DEBUG - Testing transformation: original
2024-10-03 11:17:04,696 - DEBUG - ADF p=0.0007539550332868221, KPSS p=0.1 for original
2024-10-03 11:17:04,696 - DEBUG - Selected transformation: original
2024-10-03 11:17:04,696 - DEBUG - Running stationarity tests for conflict_intensity
2024-10-03 11:17:04,696 - DEBUG - Testing transformation: original
2024-10-03 11:17:04,726 - DEBUG - ADF p=0.011560338491924728, KPSS p=0.06187989266136394 for original
2024-10-03 11:17:04,726 - DEBUG - Selected transformation: original
2024-10-03 11:17:04,726 - INFO - Stationarity tests for beans (white)_unified completed in 0.07 seconds at 2024-10-03 11:17:04
2024-10-03 11:17:04,726 - DEBUG - Running cointegration tests
2024-10-03 11:17:04,756 - DEBUG - Engle-Granger p=0.003584497868701402, cointegrated=True
2024-10-03 11:17:04,756 - INFO - Running stationarity tests for eggs_unified at 2024-10-03 11:17:04
2024-10-03 11:17:04,756 - DEBUG - Running stationarity tests for usdprice
2024-10-03 11:17:04,756 - DEBUG - Applied log transformations.
2024-10-03 11:17:04,756 - DEBUG - Testing transformation: original
2024-10-03 11:17:04,850 - DEBUG - ADF p=0.0007817222641849618, KPSS p=0.1 for original
2024-10-03 11:17:04,850 - DEBUG - Selected transformation: original
2024-10-03 11:17:04,851 - DEBUG - Running stationarity tests for conflict_intensity
2024-10-03 11:17:04,851 - DEBUG - Testing transformation: original
2024-10-03 11:17:04,882 - DEBUG - ADF p=0.011560338491924728, KPSS p=0.06187989266136394 for original
2024-10-03 11:17:04,882 - DEBUG - Selected transformation: original
2024-10-03 11:17:04,882 - INFO - Stationarity tests for eggs_unified completed in 0.13 seconds at 2024-10-03 11:17:04
2024-10-03 11:17:04,882 - DEBUG - Running cointegration tests
2024-10-03 11:17:04,892 - DEBUG - Engle-Granger p=0.00041564396848401607, cointegrated=True
2024-10-03 11:17:04,892 - INFO - Running stationarity tests for exchange rate (unofficial)_unified at 2024-10-03 11:17:04
2024-10-03 11:17:04,893 - DEBUG - Running stationarity tests for usdprice
2024-10-03 11:17:04,893 - DEBUG - Applied log transformations.
2024-10-03 11:17:04,893 - DEBUG - Testing transformation: original
2024-10-03 11:17:04,961 - DEBUG - ADF p=0.04199838137810643, KPSS p=0.1 for original
2024-10-03 11:17:04,961 - DEBUG - Selected transformation: original
2024-10-03 11:17:04,961 - DEBUG - Running stationarity tests for conflict_intensity
2024-10-03 11:17:04,961 - DEBUG - Testing transformation: original
2024-10-03 11:17:04,988 - DEBUG - ADF p=0.004673803305914139, KPSS p=0.1 for original
2024-10-03 11:17:04,988 - DEBUG - Selected transformation: original
2024-10-03 11:17:04,988 - INFO - Stationarity tests for exchange rate (unofficial)_unified completed in 0.10 seconds at 2024-10-03 11:17:04
2024-10-03 11:17:04,988 - DEBUG - Running cointegration tests
2024-10-03 11:17:04,997 - DEBUG - Engle-Granger p=0.05403144208620455, cointegrated=False
2024-10-03 11:17:04,997 - INFO - Running stationarity tests for fuel (diesel)_unified at 2024-10-03 11:17:04
2024-10-03 11:17:04,997 - DEBUG - Running stationarity tests for usdprice
2024-10-03 11:17:04,998 - DEBUG - Applied log transformations.
2024-10-03 11:17:04,998 - DEBUG - Testing transformation: original
2024-10-03 11:17:05,030 - DEBUG - ADF p=0.0007411371929839098, KPSS p=0.1 for original
2024-10-03 11:17:05,030 - DEBUG - Selected transformation: original
2024-10-03 11:17:05,030 - DEBUG - Running stationarity tests for conflict_intensity
2024-10-03 11:17:05,030 - DEBUG - Testing transformation: original
2024-10-03 11:17:05,055 - DEBUG - ADF p=0.0034589608281571267, KPSS p=0.1 for original
2024-10-03 11:17:05,055 - DEBUG - Selected transformation: original
2024-10-03 11:17:05,055 - INFO - Stationarity tests for fuel (diesel)_unified completed in 0.06 seconds at 2024-10-03 11:17:05
2024-10-03 11:17:05,055 - DEBUG - Running cointegration tests
2024-10-03 11:17:05,061 - DEBUG - Engle-Granger p=0.00845418989523459, cointegrated=True
2024-10-03 11:17:05,062 - INFO - Running stationarity tests for fuel (gas)_unified at 2024-10-03 11:17:05
2024-10-03 11:17:05,062 - DEBUG - Running stationarity tests for usdprice
2024-10-03 11:17:05,062 - DEBUG - Applied log transformations.
2024-10-03 11:17:05,062 - DEBUG - Testing transformation: original
2024-10-03 11:17:05,089 - DEBUG - ADF p=0.006456184132051897, KPSS p=0.056014771050778706 for original
2024-10-03 11:17:05,089 - DEBUG - Selected transformation: original
2024-10-03 11:17:05,089 - DEBUG - Running stationarity tests for conflict_intensity
2024-10-03 11:17:05,090 - DEBUG - Testing transformation: original
2024-10-03 11:17:05,115 - DEBUG - ADF p=0.004880459015483906, KPSS p=0.1 for original
2024-10-03 11:17:05,115 - DEBUG - Selected transformation: original
2024-10-03 11:17:05,115 - INFO - Stationarity tests for fuel (gas)_unified completed in 0.05 seconds at 2024-10-03 11:17:05
2024-10-03 11:17:05,115 - DEBUG - Running cointegration tests
2024-10-03 11:17:05,129 - DEBUG - Engle-Granger p=0.026291448414950104, cointegrated=True
2024-10-03 11:17:05,129 - INFO - Running stationarity tests for fuel (petrol-gasoline)_unified at 2024-10-03 11:17:05
2024-10-03 11:17:05,129 - DEBUG - Running stationarity tests for usdprice
2024-10-03 11:17:05,130 - DEBUG - Applied log transformations.
2024-10-03 11:17:05,130 - DEBUG - Testing transformation: original
2024-10-03 11:17:05,157 - DEBUG - ADF p=0.04588925929024068, KPSS p=0.08649933726793492 for original
2024-10-03 11:17:05,157 - DEBUG - Selected transformation: original
2024-10-03 11:17:05,157 - DEBUG - Running stationarity tests for conflict_intensity
2024-10-03 11:17:05,159 - DEBUG - Testing transformation: original
2024-10-03 11:17:05,198 - DEBUG - ADF p=0.004880459015483906, KPSS p=0.1 for original
2024-10-03 11:17:05,198 - DEBUG - Selected transformation: original
2024-10-03 11:17:05,198 - INFO - Stationarity tests for fuel (petrol-gasoline)_unified completed in 0.07 seconds at 2024-10-03 11:17:05
2024-10-03 11:17:05,199 - DEBUG - Running cointegration tests
2024-10-03 11:17:05,220 - DEBUG - Engle-Granger p=6.686030478492291e-06, cointegrated=True
2024-10-03 11:17:05,220 - INFO - Running stationarity tests for lentils_unified at 2024-10-03 11:17:05
2024-10-03 11:17:05,220 - DEBUG - Running stationarity tests for usdprice
2024-10-03 11:17:05,221 - DEBUG - Applied log transformations.
2024-10-03 11:17:05,221 - DEBUG - Testing transformation: original
2024-10-03 11:17:05,332 - DEBUG - ADF p=0.004379276912252941, KPSS p=0.1 for original
2024-10-03 11:17:05,332 - DEBUG - Selected transformation: original
2024-10-03 11:17:05,332 - DEBUG - Running stationarity tests for conflict_intensity
2024-10-03 11:17:05,332 - DEBUG - Testing transformation: original
2024-10-03 11:17:05,366 - DEBUG - ADF p=0.011056581827571622, KPSS p=0.062019073246117155 for original
2024-10-03 11:17:05,366 - DEBUG - Selected transformation: original
2024-10-03 11:17:05,366 - INFO - Stationarity tests for lentils_unified completed in 0.15 seconds at 2024-10-03 11:17:05
2024-10-03 11:17:05,367 - DEBUG - Running cointegration tests
2024-10-03 11:17:05,385 - DEBUG - Engle-Granger p=0.004746314411349682, cointegrated=True
2024-10-03 11:17:05,385 - INFO - Running stationarity tests for milling cost (wheat)_unified at 2024-10-03 11:17:05
2024-10-03 11:17:05,385 - DEBUG - Running stationarity tests for usdprice
2024-10-03 11:17:05,385 - DEBUG - Applied log transformations.
2024-10-03 11:17:05,385 - DEBUG - Testing transformation: original
2024-10-03 11:17:05,416 - DEBUG - ADF p=0.014965489097439432, KPSS p=0.026983135147556132 for original
2024-10-03 11:17:05,416 - DEBUG - Testing transformation: diff
2024-10-03 11:17:05,446 - DEBUG - ADF p=2.0844506220668634e-20, KPSS p=0.1 for diff
2024-10-03 11:17:05,446 - DEBUG - Selected transformation: diff
2024-10-03 11:17:05,447 - DEBUG - Running stationarity tests for conflict_intensity
2024-10-03 11:17:05,447 - DEBUG - Testing transformation: original
2024-10-03 11:17:05,466 - DEBUG - ADF p=0.00921612747316196, KPSS p=0.09664840956956641 for original
2024-10-03 11:17:05,466 - DEBUG - Selected transformation: original
2024-10-03 11:17:05,466 - INFO - Stationarity tests for milling cost (wheat)_unified completed in 0.08 seconds at 2024-10-03 11:17:05
2024-10-03 11:17:05,466 - DEBUG - Running cointegration tests
2024-10-03 11:17:05,475 - DEBUG - Engle-Granger p=0.039776026280497916, cointegrated=True
2024-10-03 11:17:05,475 - INFO - Running stationarity tests for oil (vegetable)_unified at 2024-10-03 11:17:05
2024-10-03 11:17:05,475 - DEBUG - Running stationarity tests for usdprice
2024-10-03 11:17:05,475 - DEBUG - Applied log transformations.
2024-10-03 11:17:05,475 - DEBUG - Testing transformation: original
2024-10-03 11:17:05,506 - DEBUG - ADF p=0.003124503724759354, KPSS p=0.1 for original
2024-10-03 11:17:05,507 - DEBUG - Selected transformation: original
2024-10-03 11:17:05,507 - DEBUG - Running stationarity tests for conflict_intensity
2024-10-03 11:17:05,507 - DEBUG - Testing transformation: original
2024-10-03 11:17:05,542 - DEBUG - ADF p=0.004880459015483906, KPSS p=0.1 for original
2024-10-03 11:17:05,542 - DEBUG - Selected transformation: original
2024-10-03 11:17:05,542 - INFO - Stationarity tests for oil (vegetable)_unified completed in 0.07 seconds at 2024-10-03 11:17:05
2024-10-03 11:17:05,542 - DEBUG - Running cointegration tests
2024-10-03 11:17:05,557 - DEBUG - Engle-Granger p=0.009585773270907639, cointegrated=True
2024-10-03 11:17:05,557 - INFO - Running stationarity tests for onions_unified at 2024-10-03 11:17:05
2024-10-03 11:17:05,557 - DEBUG - Running stationarity tests for usdprice
2024-10-03 11:17:05,557 - DEBUG - Applied log transformations.
2024-10-03 11:17:05,557 - DEBUG - Testing transformation: original
2024-10-03 11:17:05,795 - DEBUG - ADF p=0.0005683263049606076, KPSS p=0.1 for original
2024-10-03 11:17:05,795 - DEBUG - Selected transformation: original
2024-10-03 11:17:05,795 - DEBUG - Running stationarity tests for conflict_intensity
2024-10-03 11:17:05,795 - DEBUG - Testing transformation: original
2024-10-03 11:17:05,821 - DEBUG - ADF p=0.004880459015483906, KPSS p=0.1 for original
2024-10-03 11:17:05,821 - DEBUG - Selected transformation: original
2024-10-03 11:17:05,821 - INFO - Stationarity tests for onions_unified completed in 0.26 seconds at 2024-10-03 11:17:05
2024-10-03 11:17:05,821 - DEBUG - Running cointegration tests
2024-10-03 11:17:05,829 - DEBUG - Engle-Granger p=0.004025092876574526, cointegrated=True
2024-10-03 11:17:05,830 - INFO - Running stationarity tests for potatoes_unified at 2024-10-03 11:17:05
2024-10-03 11:17:05,830 - DEBUG - Running stationarity tests for usdprice
2024-10-03 11:17:05,830 - DEBUG - Applied log transformations.
2024-10-03 11:17:05,830 - DEBUG - Testing transformation: original
2024-10-03 11:17:05,880 - DEBUG - ADF p=0.009771225613711472, KPSS p=0.06121470118366152 for original
2024-10-03 11:17:05,880 - DEBUG - Selected transformation: original
2024-10-03 11:17:05,881 - DEBUG - Running stationarity tests for conflict_intensity
2024-10-03 11:17:05,881 - DEBUG - Testing transformation: original
2024-10-03 11:17:05,907 - DEBUG - ADF p=0.004880459015483906, KPSS p=0.1 for original
2024-10-03 11:17:05,907 - DEBUG - Selected transformation: original
2024-10-03 11:17:05,907 - INFO - Stationarity tests for potatoes_unified completed in 0.08 seconds at 2024-10-03 11:17:05
2024-10-03 11:17:05,907 - DEBUG - Running cointegration tests
2024-10-03 11:17:05,917 - DEBUG - Engle-Granger p=0.046553150507465425, cointegrated=True
2024-10-03 11:17:05,917 - INFO - Running stationarity tests for rice (imported)_unified at 2024-10-03 11:17:05
2024-10-03 11:17:05,917 - DEBUG - Running stationarity tests for usdprice
2024-10-03 11:17:05,918 - DEBUG - Applied log transformations.
2024-10-03 11:17:05,918 - DEBUG - Testing transformation: original
2024-10-03 11:17:05,953 - DEBUG - ADF p=0.018182908496487318, KPSS p=0.1 for original
2024-10-03 11:17:05,953 - DEBUG - Selected transformation: original
2024-10-03 11:17:05,953 - DEBUG - Running stationarity tests for conflict_intensity
2024-10-03 11:17:05,953 - DEBUG - Testing transformation: original
2024-10-03 11:17:05,989 - DEBUG - ADF p=0.004880459015483906, KPSS p=0.1 for original
2024-10-03 11:17:05,989 - DEBUG - Selected transformation: original
2024-10-03 11:17:05,989 - INFO - Stationarity tests for rice (imported)_unified completed in 0.07 seconds at 2024-10-03 11:17:05
2024-10-03 11:17:05,989 - DEBUG - Running cointegration tests
2024-10-03 11:17:06,015 - DEBUG - Engle-Granger p=0.022971540290116763, cointegrated=True
2024-10-03 11:17:06,015 - INFO - Running stationarity tests for salt_unified at 2024-10-03 11:17:06
2024-10-03 11:17:06,015 - DEBUG - Running stationarity tests for usdprice
2024-10-03 11:17:06,016 - DEBUG - Applied log transformations.
2024-10-03 11:17:06,016 - DEBUG - Testing transformation: original
2024-10-03 11:17:06,054 - DEBUG - ADF p=0.0055253560711770395, KPSS p=0.09473380954315459 for original
2024-10-03 11:17:06,054 - DEBUG - Selected transformation: original
2024-10-03 11:17:06,054 - DEBUG - Running stationarity tests for conflict_intensity
2024-10-03 11:17:06,054 - DEBUG - Testing transformation: original
2024-10-03 11:17:06,102 - DEBUG - ADF p=0.004880459015483906, KPSS p=0.1 for original
2024-10-03 11:17:06,102 - DEBUG - Selected transformation: original
2024-10-03 11:17:06,102 - INFO - Stationarity tests for salt_unified completed in 0.09 seconds at 2024-10-03 11:17:06
2024-10-03 11:17:06,102 - DEBUG - Running cointegration tests
2024-10-03 11:17:06,168 - DEBUG - Engle-Granger p=0.027354088931360456, cointegrated=True
2024-10-03 11:17:06,168 - INFO - Running stationarity tests for sugar_unified at 2024-10-03 11:17:06
2024-10-03 11:17:06,168 - DEBUG - Running stationarity tests for usdprice
2024-10-03 11:17:06,169 - DEBUG - Applied log transformations.
2024-10-03 11:17:06,169 - DEBUG - Testing transformation: original
2024-10-03 11:17:06,202 - DEBUG - ADF p=0.004452836265798555, KPSS p=0.09382689717051154 for original
2024-10-03 11:17:06,202 - DEBUG - Selected transformation: original
2024-10-03 11:17:06,202 - DEBUG - Running stationarity tests for conflict_intensity
2024-10-03 11:17:06,202 - DEBUG - Testing transformation: original
2024-10-03 11:17:06,231 - DEBUG - ADF p=0.004880459015483906, KPSS p=0.1 for original
2024-10-03 11:17:06,231 - DEBUG - Selected transformation: original
2024-10-03 11:17:06,232 - INFO - Stationarity tests for sugar_unified completed in 0.06 seconds at 2024-10-03 11:17:06
2024-10-03 11:17:06,232 - DEBUG - Running cointegration tests
2024-10-03 11:17:06,252 - DEBUG - Engle-Granger p=0.02196020283683546, cointegrated=True
2024-10-03 11:17:06,252 - INFO - Running stationarity tests for tomatoes_unified at 2024-10-03 11:17:06
2024-10-03 11:17:06,252 - DEBUG - Running stationarity tests for usdprice
2024-10-03 11:17:06,253 - DEBUG - Applied log transformations.
2024-10-03 11:17:06,253 - DEBUG - Testing transformation: original
2024-10-03 11:17:06,302 - DEBUG - ADF p=0.030732393696093735, KPSS p=0.08074812880848686 for original
2024-10-03 11:17:06,302 - DEBUG - Selected transformation: original
2024-10-03 11:17:06,302 - DEBUG - Running stationarity tests for conflict_intensity
2024-10-03 11:17:06,302 - DEBUG - Testing transformation: original
2024-10-03 11:17:06,324 - DEBUG - ADF p=0.004880459015483906, KPSS p=0.1 for original
2024-10-03 11:17:06,324 - DEBUG - Selected transformation: original
2024-10-03 11:17:06,325 - INFO - Stationarity tests for tomatoes_unified completed in 0.07 seconds at 2024-10-03 11:17:06
2024-10-03 11:17:06,325 - DEBUG - Running cointegration tests
2024-10-03 11:17:06,344 - DEBUG - Engle-Granger p=0.12068271649560713, cointegrated=False
2024-10-03 11:17:06,344 - INFO - Running stationarity tests for wheat_unified at 2024-10-03 11:17:06
2024-10-03 11:17:06,345 - DEBUG - Running stationarity tests for usdprice
2024-10-03 11:17:06,345 - DEBUG - Applied log transformations.
2024-10-03 11:17:06,346 - DEBUG - Testing transformation: original
2024-10-03 11:17:06,385 - DEBUG - ADF p=0.004764922551117207, KPSS p=0.1 for original
2024-10-03 11:17:06,385 - DEBUG - Selected transformation: original
2024-10-03 11:17:06,385 - DEBUG - Running stationarity tests for conflict_intensity
2024-10-03 11:17:06,386 - DEBUG - Testing transformation: original
2024-10-03 11:17:06,410 - DEBUG - ADF p=0.004782383588244505, KPSS p=0.1 for original
2024-10-03 11:17:06,410 - DEBUG - Selected transformation: original
2024-10-03 11:17:06,410 - INFO - Stationarity tests for wheat_unified completed in 0.07 seconds at 2024-10-03 11:17:06
2024-10-03 11:17:06,410 - DEBUG - Running cointegration tests
2024-10-03 11:17:06,419 - DEBUG - Engle-Granger p=0.037400817505664034, cointegrated=True
2024-10-03 11:17:06,419 - INFO - Running stationarity tests for wheat flour_unified at 2024-10-03 11:17:06
2024-10-03 11:17:06,419 - DEBUG - Running stationarity tests for usdprice
2024-10-03 11:17:06,420 - DEBUG - Applied log transformations.
2024-10-03 11:17:06,420 - DEBUG - Testing transformation: original
2024-10-03 11:17:06,442 - DEBUG - ADF p=0.002411575973780528, KPSS p=0.0877081617110032 for original
2024-10-03 11:17:06,442 - DEBUG - Selected transformation: original
2024-10-03 11:17:06,442 - DEBUG - Running stationarity tests for conflict_intensity
2024-10-03 11:17:06,443 - DEBUG - Testing transformation: original
2024-10-03 11:17:06,465 - DEBUG - ADF p=0.004880459015483906, KPSS p=0.1 for original
2024-10-03 11:17:06,466 - DEBUG - Selected transformation: original
2024-10-03 11:17:06,466 - INFO - Stationarity tests for wheat flour_unified completed in 0.05 seconds at 2024-10-03 11:17:06
2024-10-03 11:17:06,466 - DEBUG - Running cointegration tests
2024-10-03 11:17:06,483 - DEBUG - Engle-Granger p=0.014240352947388991, cointegrated=True
2024-10-03 11:17:06,484 - INFO - Running ECM analysis for beans (kidney red) in unified regime
2024-10-03 11:17:06,484 - DEBUG - Aligned data length: 949
2024-10-03 11:17:06,484 - DEBUG - Estimating ECM with max_lags=12, ecm_lags=2
2024-10-03 11:17:06,535 - DEBUG - Optimal lag order by AIC: 2
2024-10-03 11:17:06,537 - DEBUG - Selected cointegration rank: 2
2024-10-03 11:17:06,644 - INFO - ECM model estimated successfully
2024-10-03 11:17:06,644 - DEBUG - Computing model criteria (AIC, BIC, HQIC)
2024-10-03 11:17:06,656 - DEBUG - AIC: 7954.971229060336, BIC: 7969.527956767492, HQIC: 7960.518684946573
2024-10-03 11:17:06,665 - DEBUG - Computing Granger causality
2024-10-03 11:17:06,912 - ERROR - ValueError encountered: Length of values (946) does not match length of index (949)
2024-10-03 11:17:06,916 - DEBUG - Traceback (most recent call last):
  File "/Users/mohammmadalakkaoui/Documents/GitHub/Yemen_Market_Analysis/project/ecm_analysis/ecm_analysis_v2.py", line 364, in run_spatial_autocorrelation
    residuals = pd.Series(residuals, index=filter_indices)
                ^^^^^^^^^^^^^^^^^^^^^^^^^^^^^^^^^^^^^^^^^^
  File "/Users/mohammmadalakkaoui/Documents/GitHub/Yemen_Market_Analysis/.venv/lib/python3.12/site-packages/pandas/core/series.py", line 575, in __init__
    com.require_length_match(data, index)
  File "/Users/mohammmadalakkaoui/Documents/GitHub/Yemen_Market_Analysis/.venv/lib/python3.12/site-packages/pandas/core/common.py", line 573, in require_length_match
    raise ValueError(
ValueError: Length of values (946) does not match length of index (949)

2024-10-03 11:17:06,919 - INFO - Running ECM analysis for beans (white) in unified regime
2024-10-03 11:17:06,920 - DEBUG - Aligned data length: 1009
2024-10-03 11:17:06,920 - DEBUG - Estimating ECM with max_lags=12, ecm_lags=2
2024-10-03 11:17:06,947 - DEBUG - Optimal lag order by AIC: 2
2024-10-03 11:17:06,948 - DEBUG - Selected cointegration rank: 2
2024-10-03 11:17:06,952 - INFO - ECM model estimated successfully
2024-10-03 11:17:06,952 - DEBUG - Computing model criteria (AIC, BIC, HQIC)
2024-10-03 11:17:06,973 - DEBUG - AIC: 7827.80391631266, BIC: 7842.545128364639, HQIC: 7833.404978429059
2024-10-03 11:17:06,982 - DEBUG - Computing Granger causality
2024-10-03 11:17:07,241 - ERROR - ValueError encountered: Length of values (1006) does not match length of index (1009)
2024-10-03 11:17:07,241 - DEBUG - Traceback (most recent call last):
  File "/Users/mohammmadalakkaoui/Documents/GitHub/Yemen_Market_Analysis/project/ecm_analysis/ecm_analysis_v2.py", line 364, in run_spatial_autocorrelation
    residuals = pd.Series(residuals, index=filter_indices)
                ^^^^^^^^^^^^^^^^^^^^^^^^^^^^^^^^^^^^^^^^^^
  File "/Users/mohammmadalakkaoui/Documents/GitHub/Yemen_Market_Analysis/.venv/lib/python3.12/site-packages/pandas/core/series.py", line 575, in __init__
    com.require_length_match(data, index)
  File "/Users/mohammmadalakkaoui/Documents/GitHub/Yemen_Market_Analysis/.venv/lib/python3.12/site-packages/pandas/core/common.py", line 573, in require_length_match
    raise ValueError(
ValueError: Length of values (1006) does not match length of index (1009)

2024-10-03 11:17:07,244 - INFO - Running ECM analysis for eggs in unified regime
2024-10-03 11:17:07,245 - DEBUG - Aligned data length: 1009
2024-10-03 11:17:07,245 - DEBUG - Estimating ECM with max_lags=12, ecm_lags=2
2024-10-03 11:17:07,270 - DEBUG - Optimal lag order by AIC: 2
2024-10-03 11:17:07,271 - DEBUG - Selected cointegration rank: 2
2024-10-03 11:17:07,276 - INFO - ECM model estimated successfully
2024-10-03 11:17:07,276 - DEBUG - Computing model criteria (AIC, BIC, HQIC)
2024-10-03 11:17:07,280 - DEBUG - AIC: 2837.3628740358063, BIC: 2852.104086087785, HQIC: 2842.963936152206
2024-10-03 11:17:07,286 - DEBUG - Computing Granger causality
2024-10-03 11:17:13,142 - ERROR - ValueError encountered: Length of values (1006) does not match length of index (1009)
2024-10-03 11:17:13,143 - DEBUG - Traceback (most recent call last):
  File "/Users/mohammmadalakkaoui/Documents/GitHub/Yemen_Market_Analysis/project/ecm_analysis/ecm_analysis_v2.py", line 364, in run_spatial_autocorrelation
    residuals = pd.Series(residuals, index=filter_indices)
                ^^^^^^^^^^^^^^^^^^^^^^^^^^^^^^^^^^^^^^^^^^
  File "/Users/mohammmadalakkaoui/Documents/GitHub/Yemen_Market_Analysis/.venv/lib/python3.12/site-packages/pandas/core/series.py", line 575, in __init__
    com.require_length_match(data, index)
  File "/Users/mohammmadalakkaoui/Documents/GitHub/Yemen_Market_Analysis/.venv/lib/python3.12/site-packages/pandas/core/common.py", line 573, in require_length_match
    raise ValueError(
ValueError: Length of values (1006) does not match length of index (1009)

2024-10-03 11:17:13,145 - INFO - Running ECM analysis for exchange rate (unofficial) in unified regime
2024-10-03 11:17:13,145 - WARNING - No cointegration results for exchange rate (unofficial)_unified. Skipping.
2024-10-03 11:17:13,145 - INFO - Running ECM analysis for fuel (diesel) in unified regime
2024-10-03 11:17:13,146 - DEBUG - Aligned data length: 1009
2024-10-03 11:17:13,146 - DEBUG - Estimating ECM with max_lags=12, ecm_lags=2
2024-10-03 11:17:13,180 - DEBUG - Optimal lag order by AIC: 2
2024-10-03 11:17:13,181 - DEBUG - Selected cointegration rank: 2
2024-10-03 11:17:13,186 - INFO - ECM model estimated successfully
2024-10-03 11:17:13,187 - DEBUG - Computing model criteria (AIC, BIC, HQIC)
2024-10-03 11:17:13,197 - DEBUG - AIC: 7101.425238747761, BIC: 7116.16645079974, HQIC: 7107.0263008641605
2024-10-03 11:17:13,210 - DEBUG - Computing Granger causality
2024-10-03 11:17:13,394 - ERROR - ValueError encountered: Length of values (1006) does not match length of index (1009)
2024-10-03 11:17:13,395 - DEBUG - Traceback (most recent call last):
  File "/Users/mohammmadalakkaoui/Documents/GitHub/Yemen_Market_Analysis/project/ecm_analysis/ecm_analysis_v2.py", line 364, in run_spatial_autocorrelation
    residuals = pd.Series(residuals, index=filter_indices)
                ^^^^^^^^^^^^^^^^^^^^^^^^^^^^^^^^^^^^^^^^^^
  File "/Users/mohammmadalakkaoui/Documents/GitHub/Yemen_Market_Analysis/.venv/lib/python3.12/site-packages/pandas/core/series.py", line 575, in __init__
    com.require_length_match(data, index)
  File "/Users/mohammmadalakkaoui/Documents/GitHub/Yemen_Market_Analysis/.venv/lib/python3.12/site-packages/pandas/core/common.py", line 573, in require_length_match
    raise ValueError(
ValueError: Length of values (1006) does not match length of index (1009)

2024-10-03 11:17:13,397 - INFO - Running ECM analysis for fuel (gas) in unified regime
2024-10-03 11:17:13,398 - DEBUG - Aligned data length: 1056
2024-10-03 11:17:13,398 - DEBUG - Estimating ECM with max_lags=12, ecm_lags=2
2024-10-03 11:17:13,425 - DEBUG - Optimal lag order by AIC: 2
2024-10-03 11:17:13,427 - DEBUG - Selected cointegration rank: 2
2024-10-03 11:17:13,436 - INFO - ECM model estimated successfully
2024-10-03 11:17:13,437 - DEBUG - Computing model criteria (AIC, BIC, HQIC)
2024-10-03 11:17:13,441 - DEBUG - AIC: 11835.273928929171, BIC: 11850.152124465572, HQIC: 11840.91448722882
2024-10-03 11:17:13,456 - DEBUG - Computing Granger causality
2024-10-03 11:17:13,672 - ERROR - ValueError encountered: Length of values (1053) does not match length of index (1056)
2024-10-03 11:17:13,672 - DEBUG - Traceback (most recent call last):
  File "/Users/mohammmadalakkaoui/Documents/GitHub/Yemen_Market_Analysis/project/ecm_analysis/ecm_analysis_v2.py", line 364, in run_spatial_autocorrelation
    residuals = pd.Series(residuals, index=filter_indices)
                ^^^^^^^^^^^^^^^^^^^^^^^^^^^^^^^^^^^^^^^^^^
  File "/Users/mohammmadalakkaoui/Documents/GitHub/Yemen_Market_Analysis/.venv/lib/python3.12/site-packages/pandas/core/series.py", line 575, in __init__
    com.require_length_match(data, index)
  File "/Users/mohammmadalakkaoui/Documents/GitHub/Yemen_Market_Analysis/.venv/lib/python3.12/site-packages/pandas/core/common.py", line 573, in require_length_match
    raise ValueError(
ValueError: Length of values (1053) does not match length of index (1056)

2024-10-03 11:17:13,674 - INFO - Running ECM analysis for fuel (petrol-gasoline) in unified regime
2024-10-03 11:17:13,675 - DEBUG - Aligned data length: 1056
2024-10-03 11:17:13,676 - DEBUG - Estimating ECM with max_lags=12, ecm_lags=2
2024-10-03 11:17:13,716 - DEBUG - Optimal lag order by AIC: 2
2024-10-03 11:17:13,718 - DEBUG - Selected cointegration rank: 2
2024-10-03 11:17:13,727 - INFO - ECM model estimated successfully
2024-10-03 11:17:13,727 - DEBUG - Computing model criteria (AIC, BIC, HQIC)
2024-10-03 11:17:13,732 - DEBUG - AIC: 8359.98211828831, BIC: 8374.86031382471, HQIC: 8365.622676587958
2024-10-03 11:17:13,737 - DEBUG - Computing Granger causality
2024-10-03 11:17:13,999 - ERROR - ValueError encountered: Length of values (1053) does not match length of index (1056)
2024-10-03 11:17:13,999 - DEBUG - Traceback (most recent call last):
  File "/Users/mohammmadalakkaoui/Documents/GitHub/Yemen_Market_Analysis/project/ecm_analysis/ecm_analysis_v2.py", line 364, in run_spatial_autocorrelation
    residuals = pd.Series(residuals, index=filter_indices)
                ^^^^^^^^^^^^^^^^^^^^^^^^^^^^^^^^^^^^^^^^^^
  File "/Users/mohammmadalakkaoui/Documents/GitHub/Yemen_Market_Analysis/.venv/lib/python3.12/site-packages/pandas/core/series.py", line 575, in __init__
    com.require_length_match(data, index)
  File "/Users/mohammmadalakkaoui/Documents/GitHub/Yemen_Market_Analysis/.venv/lib/python3.12/site-packages/pandas/core/common.py", line 573, in require_length_match
    raise ValueError(
ValueError: Length of values (1053) does not match length of index (1056)

2024-10-03 11:17:14,001 - INFO - Running ECM analysis for lentils in unified regime
2024-10-03 11:17:14,001 - DEBUG - Aligned data length: 1008
2024-10-03 11:17:14,001 - DEBUG - Estimating ECM with max_lags=12, ecm_lags=2
2024-10-03 11:17:14,033 - DEBUG - Optimal lag order by AIC: 2
2024-10-03 11:17:14,035 - DEBUG - Selected cointegration rank: 2
2024-10-03 11:17:14,041 - INFO - ECM model estimated successfully
2024-10-03 11:17:14,042 - DEBUG - Computing model criteria (AIC, BIC, HQIC)
2024-10-03 11:17:14,058 - DEBUG - AIC: 8158.315220464461, BIC: 8173.053448925941, HQIC: 8163.915419428282
2024-10-03 11:17:14,061 - DEBUG - Computing Granger causality
2024-10-03 11:17:14,294 - ERROR - ValueError encountered: Length of values (1005) does not match length of index (1008)
2024-10-03 11:17:14,295 - DEBUG - Traceback (most recent call last):
  File "/Users/mohammmadalakkaoui/Documents/GitHub/Yemen_Market_Analysis/project/ecm_analysis/ecm_analysis_v2.py", line 364, in run_spatial_autocorrelation
    residuals = pd.Series(residuals, index=filter_indices)
                ^^^^^^^^^^^^^^^^^^^^^^^^^^^^^^^^^^^^^^^^^^
  File "/Users/mohammmadalakkaoui/Documents/GitHub/Yemen_Market_Analysis/.venv/lib/python3.12/site-packages/pandas/core/series.py", line 575, in __init__
    com.require_length_match(data, index)
  File "/Users/mohammmadalakkaoui/Documents/GitHub/Yemen_Market_Analysis/.venv/lib/python3.12/site-packages/pandas/core/common.py", line 573, in require_length_match
    raise ValueError(
ValueError: Length of values (1005) does not match length of index (1008)

2024-10-03 11:17:14,299 - INFO - Running ECM analysis for milling cost (wheat) in unified regime
2024-10-03 11:17:14,300 - DEBUG - Aligned data length: 961
2024-10-03 11:17:14,300 - DEBUG - Estimating ECM with max_lags=12, ecm_lags=2
2024-10-03 11:17:14,334 - DEBUG - Optimal lag order by AIC: 2
2024-10-03 11:17:14,335 - DEBUG - Selected cointegration rank: 2
2024-10-03 11:17:14,343 - INFO - ECM model estimated successfully
2024-10-03 11:17:14,343 - DEBUG - Computing model criteria (AIC, BIC, HQIC)
2024-10-03 11:17:14,347 - DEBUG - AIC: 8839.441291389856, BIC: 8854.035834723769, HQIC: 8844.99977458187
2024-10-03 11:17:14,360 - DEBUG - Computing Granger causality
2024-10-03 11:17:14,589 - ERROR - ValueError encountered: Length of values (958) does not match length of index (961)
2024-10-03 11:17:14,590 - DEBUG - Traceback (most recent call last):
  File "/Users/mohammmadalakkaoui/Documents/GitHub/Yemen_Market_Analysis/project/ecm_analysis/ecm_analysis_v2.py", line 364, in run_spatial_autocorrelation
    residuals = pd.Series(residuals, index=filter_indices)
                ^^^^^^^^^^^^^^^^^^^^^^^^^^^^^^^^^^^^^^^^^^
  File "/Users/mohammmadalakkaoui/Documents/GitHub/Yemen_Market_Analysis/.venv/lib/python3.12/site-packages/pandas/core/series.py", line 575, in __init__
    com.require_length_match(data, index)
  File "/Users/mohammmadalakkaoui/Documents/GitHub/Yemen_Market_Analysis/.venv/lib/python3.12/site-packages/pandas/core/common.py", line 573, in require_length_match
    raise ValueError(
ValueError: Length of values (958) does not match length of index (961)

2024-10-03 11:17:14,593 - INFO - Running ECM analysis for oil (vegetable) in unified regime
2024-10-03 11:17:14,594 - DEBUG - Aligned data length: 1056
2024-10-03 11:17:14,594 - DEBUG - Estimating ECM with max_lags=12, ecm_lags=2
2024-10-03 11:17:14,633 - DEBUG - Optimal lag order by AIC: 2
2024-10-03 11:17:14,634 - DEBUG - Selected cointegration rank: 2
2024-10-03 11:17:14,638 - INFO - ECM model estimated successfully
2024-10-03 11:17:14,638 - DEBUG - Computing model criteria (AIC, BIC, HQIC)
2024-10-03 11:17:14,644 - DEBUG - AIC: 8319.607945580874, BIC: 8334.486141117275, HQIC: 8325.248503880523
2024-10-03 11:17:14,648 - DEBUG - Computing Granger causality
2024-10-03 11:17:14,877 - ERROR - ValueError encountered: Length of values (1053) does not match length of index (1056)
2024-10-03 11:17:14,878 - DEBUG - Traceback (most recent call last):
  File "/Users/mohammmadalakkaoui/Documents/GitHub/Yemen_Market_Analysis/project/ecm_analysis/ecm_analysis_v2.py", line 364, in run_spatial_autocorrelation
    residuals = pd.Series(residuals, index=filter_indices)
                ^^^^^^^^^^^^^^^^^^^^^^^^^^^^^^^^^^^^^^^^^^
  File "/Users/mohammmadalakkaoui/Documents/GitHub/Yemen_Market_Analysis/.venv/lib/python3.12/site-packages/pandas/core/series.py", line 575, in __init__
    com.require_length_match(data, index)
  File "/Users/mohammmadalakkaoui/Documents/GitHub/Yemen_Market_Analysis/.venv/lib/python3.12/site-packages/pandas/core/common.py", line 573, in require_length_match
    raise ValueError(
ValueError: Length of values (1053) does not match length of index (1056)

2024-10-03 11:17:14,881 - INFO - Running ECM analysis for onions in unified regime
2024-10-03 11:17:14,882 - DEBUG - Aligned data length: 1056
2024-10-03 11:17:14,882 - DEBUG - Estimating ECM with max_lags=12, ecm_lags=2
2024-10-03 11:17:14,923 - DEBUG - Optimal lag order by AIC: 2
2024-10-03 11:17:14,924 - DEBUG - Selected cointegration rank: 2
2024-10-03 11:17:14,929 - INFO - ECM model estimated successfully
2024-10-03 11:17:14,929 - DEBUG - Computing model criteria (AIC, BIC, HQIC)
2024-10-03 11:17:14,935 - DEBUG - AIC: 7324.506881795683, BIC: 7339.385077332085, HQIC: 7330.147440095331
2024-10-03 11:17:14,949 - DEBUG - Computing Granger causality
2024-10-03 11:17:15,163 - ERROR - ValueError encountered: Length of values (1053) does not match length of index (1056)
2024-10-03 11:17:15,164 - DEBUG - Traceback (most recent call last):
  File "/Users/mohammmadalakkaoui/Documents/GitHub/Yemen_Market_Analysis/project/ecm_analysis/ecm_analysis_v2.py", line 364, in run_spatial_autocorrelation
    residuals = pd.Series(residuals, index=filter_indices)
                ^^^^^^^^^^^^^^^^^^^^^^^^^^^^^^^^^^^^^^^^^^
  File "/Users/mohammmadalakkaoui/Documents/GitHub/Yemen_Market_Analysis/.venv/lib/python3.12/site-packages/pandas/core/series.py", line 575, in __init__
    com.require_length_match(data, index)
  File "/Users/mohammmadalakkaoui/Documents/GitHub/Yemen_Market_Analysis/.venv/lib/python3.12/site-packages/pandas/core/common.py", line 573, in require_length_match
    raise ValueError(
ValueError: Length of values (1053) does not match length of index (1056)

2024-10-03 11:17:15,165 - INFO - Running ECM analysis for potatoes in unified regime
2024-10-03 11:17:15,166 - DEBUG - Aligned data length: 1056
2024-10-03 11:17:15,166 - DEBUG - Estimating ECM with max_lags=12, ecm_lags=2
2024-10-03 11:17:15,201 - DEBUG - Optimal lag order by AIC: 2
2024-10-03 11:17:15,202 - DEBUG - Selected cointegration rank: 2
2024-10-03 11:17:15,206 - INFO - ECM model estimated successfully
2024-10-03 11:17:15,206 - DEBUG - Computing model criteria (AIC, BIC, HQIC)
2024-10-03 11:17:15,233 - DEBUG - AIC: 7064.898280869117, BIC: 7079.776476405519, HQIC: 7070.538839168766
2024-10-03 11:17:15,276 - DEBUG - Computing Granger causality
2024-10-03 11:17:15,482 - ERROR - ValueError encountered: Length of values (1053) does not match length of index (1056)
2024-10-03 11:17:15,482 - DEBUG - Traceback (most recent call last):
  File "/Users/mohammmadalakkaoui/Documents/GitHub/Yemen_Market_Analysis/project/ecm_analysis/ecm_analysis_v2.py", line 364, in run_spatial_autocorrelation
    residuals = pd.Series(residuals, index=filter_indices)
                ^^^^^^^^^^^^^^^^^^^^^^^^^^^^^^^^^^^^^^^^^^
  File "/Users/mohammmadalakkaoui/Documents/GitHub/Yemen_Market_Analysis/.venv/lib/python3.12/site-packages/pandas/core/series.py", line 575, in __init__
    com.require_length_match(data, index)
  File "/Users/mohammmadalakkaoui/Documents/GitHub/Yemen_Market_Analysis/.venv/lib/python3.12/site-packages/pandas/core/common.py", line 573, in require_length_match
    raise ValueError(
ValueError: Length of values (1053) does not match length of index (1056)

2024-10-03 11:17:15,484 - INFO - Running ECM analysis for rice (imported) in unified regime
2024-10-03 11:17:15,484 - DEBUG - Aligned data length: 1056
2024-10-03 11:17:15,484 - DEBUG - Estimating ECM with max_lags=12, ecm_lags=2
2024-10-03 11:17:15,535 - DEBUG - Optimal lag order by AIC: 2
2024-10-03 11:17:15,536 - DEBUG - Selected cointegration rank: 2
2024-10-03 11:17:15,545 - INFO - ECM model estimated successfully
2024-10-03 11:17:15,545 - DEBUG - Computing model criteria (AIC, BIC, HQIC)
2024-10-03 11:17:15,551 - DEBUG - AIC: 8168.181955863508, BIC: 8183.06015139991, HQIC: 8173.8225141631565
2024-10-03 11:17:15,556 - DEBUG - Computing Granger causality
2024-10-03 11:17:15,843 - ERROR - ValueError encountered: Length of values (1053) does not match length of index (1056)
2024-10-03 11:17:15,843 - DEBUG - Traceback (most recent call last):
  File "/Users/mohammmadalakkaoui/Documents/GitHub/Yemen_Market_Analysis/project/ecm_analysis/ecm_analysis_v2.py", line 364, in run_spatial_autocorrelation
    residuals = pd.Series(residuals, index=filter_indices)
                ^^^^^^^^^^^^^^^^^^^^^^^^^^^^^^^^^^^^^^^^^^
  File "/Users/mohammmadalakkaoui/Documents/GitHub/Yemen_Market_Analysis/.venv/lib/python3.12/site-packages/pandas/core/series.py", line 575, in __init__
    com.require_length_match(data, index)
  File "/Users/mohammmadalakkaoui/Documents/GitHub/Yemen_Market_Analysis/.venv/lib/python3.12/site-packages/pandas/core/common.py", line 573, in require_length_match
    raise ValueError(
ValueError: Length of values (1053) does not match length of index (1056)

2024-10-03 11:17:15,845 - INFO - Running ECM analysis for salt in unified regime
2024-10-03 11:17:15,845 - DEBUG - Aligned data length: 1056
2024-10-03 11:17:15,845 - DEBUG - Estimating ECM with max_lags=12, ecm_lags=2
2024-10-03 11:17:15,868 - DEBUG - Optimal lag order by AIC: 2
2024-10-03 11:17:15,869 - DEBUG - Selected cointegration rank: 2
2024-10-03 11:17:15,873 - INFO - ECM model estimated successfully
2024-10-03 11:17:15,873 - DEBUG - Computing model criteria (AIC, BIC, HQIC)
2024-10-03 11:17:15,881 - DEBUG - AIC: 4788.741267759484, BIC: 4803.619463295886, HQIC: 4794.381826059132
2024-10-03 11:17:15,888 - DEBUG - Computing Granger causality
2024-10-03 11:17:16,113 - ERROR - ValueError encountered: Length of values (1053) does not match length of index (1056)
2024-10-03 11:17:16,113 - DEBUG - Traceback (most recent call last):
  File "/Users/mohammmadalakkaoui/Documents/GitHub/Yemen_Market_Analysis/project/ecm_analysis/ecm_analysis_v2.py", line 364, in run_spatial_autocorrelation
    residuals = pd.Series(residuals, index=filter_indices)
                ^^^^^^^^^^^^^^^^^^^^^^^^^^^^^^^^^^^^^^^^^^
  File "/Users/mohammmadalakkaoui/Documents/GitHub/Yemen_Market_Analysis/.venv/lib/python3.12/site-packages/pandas/core/series.py", line 575, in __init__
    com.require_length_match(data, index)
  File "/Users/mohammmadalakkaoui/Documents/GitHub/Yemen_Market_Analysis/.venv/lib/python3.12/site-packages/pandas/core/common.py", line 573, in require_length_match
    raise ValueError(
ValueError: Length of values (1053) does not match length of index (1056)

2024-10-03 11:17:16,115 - INFO - Running ECM analysis for sugar in unified regime
2024-10-03 11:17:16,115 - DEBUG - Aligned data length: 1056
2024-10-03 11:17:16,121 - DEBUG - Estimating ECM with max_lags=12, ecm_lags=2
2024-10-03 11:17:16,168 - DEBUG - Optimal lag order by AIC: 2
2024-10-03 11:17:16,170 - DEBUG - Selected cointegration rank: 2
2024-10-03 11:17:16,213 - INFO - ECM model estimated successfully
2024-10-03 11:17:16,213 - DEBUG - Computing model criteria (AIC, BIC, HQIC)
2024-10-03 11:17:16,218 - DEBUG - AIC: 7169.689593765628, BIC: 7184.56778930203, HQIC: 7175.330152065277
2024-10-03 11:17:16,224 - DEBUG - Computing Granger causality
2024-10-03 11:17:16,422 - ERROR - ValueError encountered: Length of values (1053) does not match length of index (1056)
2024-10-03 11:17:16,423 - DEBUG - Traceback (most recent call last):
  File "/Users/mohammmadalakkaoui/Documents/GitHub/Yemen_Market_Analysis/project/ecm_analysis/ecm_analysis_v2.py", line 364, in run_spatial_autocorrelation
    residuals = pd.Series(residuals, index=filter_indices)
                ^^^^^^^^^^^^^^^^^^^^^^^^^^^^^^^^^^^^^^^^^^
  File "/Users/mohammmadalakkaoui/Documents/GitHub/Yemen_Market_Analysis/.venv/lib/python3.12/site-packages/pandas/core/series.py", line 575, in __init__
    com.require_length_match(data, index)
  File "/Users/mohammmadalakkaoui/Documents/GitHub/Yemen_Market_Analysis/.venv/lib/python3.12/site-packages/pandas/core/common.py", line 573, in require_length_match
    raise ValueError(
ValueError: Length of values (1053) does not match length of index (1056)

2024-10-03 11:17:16,426 - INFO - Running ECM analysis for tomatoes in unified regime
2024-10-03 11:17:16,426 - WARNING - No cointegration results for tomatoes_unified. Skipping.
2024-10-03 11:17:16,426 - INFO - Running ECM analysis for wheat in unified regime
2024-10-03 11:17:16,427 - DEBUG - Aligned data length: 1054
2024-10-03 11:17:16,427 - DEBUG - Estimating ECM with max_lags=12, ecm_lags=2
2024-10-03 11:17:16,464 - DEBUG - Optimal lag order by AIC: 2
2024-10-03 11:17:16,465 - DEBUG - Selected cointegration rank: 2
2024-10-03 11:17:16,469 - INFO - ECM model estimated successfully
2024-10-03 11:17:16,469 - DEBUG - Computing model criteria (AIC, BIC, HQIC)
2024-10-03 11:17:16,475 - DEBUG - AIC: 6205.087325665801, BIC: 6219.959817778431, HQIC: 6210.726244685008
2024-10-03 11:17:16,486 - DEBUG - Computing Granger causality
2024-10-03 11:17:16,716 - ERROR - ValueError encountered: Length of values (1051) does not match length of index (1054)
2024-10-03 11:17:16,717 - DEBUG - Traceback (most recent call last):
  File "/Users/mohammmadalakkaoui/Documents/GitHub/Yemen_Market_Analysis/project/ecm_analysis/ecm_analysis_v2.py", line 364, in run_spatial_autocorrelation
    residuals = pd.Series(residuals, index=filter_indices)
                ^^^^^^^^^^^^^^^^^^^^^^^^^^^^^^^^^^^^^^^^^^
  File "/Users/mohammmadalakkaoui/Documents/GitHub/Yemen_Market_Analysis/.venv/lib/python3.12/site-packages/pandas/core/series.py", line 575, in __init__
    com.require_length_match(data, index)
  File "/Users/mohammmadalakkaoui/Documents/GitHub/Yemen_Market_Analysis/.venv/lib/python3.12/site-packages/pandas/core/common.py", line 573, in require_length_match
    raise ValueError(
ValueError: Length of values (1051) does not match length of index (1054)

2024-10-03 11:17:16,718 - INFO - Running ECM analysis for wheat flour in unified regime
2024-10-03 11:17:16,719 - DEBUG - Aligned data length: 1056
2024-10-03 11:17:16,719 - DEBUG - Estimating ECM with max_lags=12, ecm_lags=2
2024-10-03 11:17:16,750 - DEBUG - Optimal lag order by AIC: 2
2024-10-03 11:17:16,753 - DEBUG - Selected cointegration rank: 2
2024-10-03 11:17:16,761 - INFO - ECM model estimated successfully
2024-10-03 11:17:16,761 - DEBUG - Computing model criteria (AIC, BIC, HQIC)
2024-10-03 11:17:16,768 - DEBUG - AIC: 6449.304420583665, BIC: 6464.182616120067, HQIC: 6454.9449788833135
2024-10-03 11:17:16,773 - DEBUG - Computing Granger causality
2024-10-03 11:17:16,958 - ERROR - ValueError encountered: Length of values (1053) does not match length of index (1056)
2024-10-03 11:17:16,958 - DEBUG - Traceback (most recent call last):
  File "/Users/mohammmadalakkaoui/Documents/GitHub/Yemen_Market_Analysis/project/ecm_analysis/ecm_analysis_v2.py", line 364, in run_spatial_autocorrelation
    residuals = pd.Series(residuals, index=filter_indices)
                ^^^^^^^^^^^^^^^^^^^^^^^^^^^^^^^^^^^^^^^^^^
  File "/Users/mohammmadalakkaoui/Documents/GitHub/Yemen_Market_Analysis/.venv/lib/python3.12/site-packages/pandas/core/series.py", line 575, in __init__
    com.require_length_match(data, index)
  File "/Users/mohammmadalakkaoui/Documents/GitHub/Yemen_Market_Analysis/.venv/lib/python3.12/site-packages/pandas/core/common.py", line 573, in require_length_match
    raise ValueError(
ValueError: Length of values (1053) does not match length of index (1056)

2024-10-03 11:17:16,968 - INFO - Results saved to /Users/mohammmadalakkaoui/Documents/GitHub/Yemen_Market_Analysis/results/ecm/ecm_analysis_results.json
2024-10-03 11:17:16,968 - INFO - ECM analysis workflow completed successfully in 13.12 seconds
