2024-10-03 11:18:40,314 - INFO - Starting Price Differential Analysis
2024-10-03 11:18:40,322 - INFO - Loaded 17816 records from the JSON file
2024-10-03 11:18:40,324 - INFO - Using base markets: ['aden', "sana'a"]
2024-10-03 11:18:40,324 - INFO - Available commodities in data: ['beans (kidney red)', 'beans (white)', 'eggs', 'exchange rate (unofficial)', 'fuel (diesel)', 'fuel (gas)', 'fuel (petrol-gasoline)', 'lentils', 'milling cost (wheat)', 'oil (vegetable)', 'onions', 'potatoes', 'rice (imported)', 'salt', 'sugar', 'tomatoes', 'wheat', 'wheat flour']
2024-10-03 11:18:40,325 - INFO - Processing base market: aden
2024-10-03 11:18:40,325 - INFO - Preparing market data for base market: aden
2024-10-03 11:18:40,582 - INFO - Prepared market data for 354 (market, commodity) pairs
2024-10-03 11:18:40,587 - INFO - Prepared 336 market pairs for analysis for base market aden
2024-10-03 11:18:40,587 - INFO - Using 8 cores for parallel processing
2024-10-03 11:18:42,446 - INFO - Analyzed 336 market pairs for base market aden
2024-10-03 11:18:42,462 - INFO - Model data - X shape: (336, 2), y shape: (336,)
2024-10-03 11:18:42,463 - INFO - Variables with VIF > 10: []
2024-10-03 11:18:42,465 - ERROR - KeyError in run_price_differential_model: 'base_market'
2024-10-03 11:18:42,470 - INFO - Processing base market: sana'a
2024-10-03 11:18:42,470 - INFO - Preparing market data for base market: sana'a
2024-10-03 11:18:42,728 - INFO - Prepared market data for 354 (market, commodity) pairs
2024-10-03 11:18:42,733 - INFO - Prepared 336 market pairs for analysis for base market sana'a
2024-10-03 11:18:42,733 - INFO - Using 8 cores for parallel processing
2024-10-03 11:18:44,623 - INFO - Analyzed 336 market pairs for base market sana'a
2024-10-03 11:18:44,633 - INFO - Model data - X shape: (336, 2), y shape: (336,)
2024-10-03 11:18:44,635 - INFO - Variables with VIF > 10: []
2024-10-03 11:18:44,637 - ERROR - KeyError in run_price_differential_model: 'base_market'
2024-10-03 11:18:44,671 - INFO - All results saved to results/price_diff_results/price_differential_results.json
2024-10-03 11:18:44,671 - INFO - Price Differential Analysis completed
